2023-03-18 17:36:03: Expanded 'file:///%GSDISK%/笔记/obsidianPrivateNote/笔记' to 'file:///D:/笔记/obsidianPrivateNote/笔记'
2023-03-18 17:36:03: Expanded 'file:///%GSDISK%/icloud/iCloudDrive/iCloud~md~obsidian/笔记' to 'file:///D:/icloud/iCloudDrive/iCloud~md~obsidian/笔记'
2023-03-18 17:36:03: -- 分析开始 On File Change Incremental
2023-03-18 17:36:03: 左侧: State file does not exist: D:/笔记/obsidianPrivateNote/笔记/_gsdata_/_file_state_v4._gs
2023-03-18 17:36:03: Do Not Propagate Deletions: 1-way deletions reverted: 13
2023-03-18 17:36:03: 变更：65， 冲突：0， 复制时间：0， 复制状态：1,151， 错误： 0, All: 2116
2023-03-18 17:36:03: Left to Right: Copy File: 65 
2023-03-18 17:36:03: == 同步开始由 On File Change Incremental
2023-03-18 17:36:03: 覆盖复制 'D:/笔记/obsidianPrivateNote/笔记/内心/深夜加油站遇见苏格拉底.md' -> 'D:/icloud/iCloudDrive/iCloud~md~obsidian/笔记/内心/深夜加油站遇见苏格拉底.md' (13,441)
2023-03-18 17:36:03: 覆盖复制 'D:/笔记/obsidianPrivateNote/笔记/前端/前端.md' -> 'D:/icloud/iCloudDrive/iCloud~md~obsidian/笔记/前端/前端.md' (3,680)
2023-03-18 17:36:03: 覆盖复制 'D:/笔记/obsidianPrivateNote/笔记/内心/方式.md' -> 'D:/icloud/iCloudDrive/iCloud~md~obsidian/笔记/内心/方式.md' (64)
2023-03-18 17:36:03: 覆盖复制 'D:/笔记/obsidianPrivateNote/笔记/前端/工程化/ES Module.md' -> 'D:/icloud/iCloudDrive/iCloud~md~obsidian/笔记/前端/工程化/ES Module.md' (6,029)
2023-03-18 17:36:03: 覆盖复制 'D:/笔记/obsidianPrivateNote/笔记/前端/工程化/CDN.md' -> 'D:/icloud/iCloudDrive/iCloud~md~obsidian/笔记/前端/工程化/CDN.md' (1,168)
2023-03-18 17:36:03: 覆盖复制 'D:/笔记/obsidianPrivateNote/笔记/前端/工程化/CICD.md' -> 'D:/icloud/iCloudDrive/iCloud~md~obsidian/笔记/前端/工程化/CICD.md' (3,870)
2023-03-18 17:36:03: 覆盖复制 'D:/笔记/obsidianPrivateNote/笔记/前端/工程化/node/node.md' -> 'D:/icloud/iCloudDrive/iCloud~md~obsidian/笔记/前端/工程化/node/node.md' (444)
2023-03-18 17:36:03: 覆盖复制 'D:/笔记/obsidianPrivateNote/笔记/前端/工程化/JS模块化.md' -> 'D:/icloud/iCloudDrive/iCloud~md~obsidian/笔记/前端/工程化/JS模块化.md' (1,875)
2023-03-18 17:36:03: 覆盖复制 'D:/笔记/obsidianPrivateNote/笔记/前端/工程化/工程化.md' -> 'D:/icloud/iCloudDrive/iCloud~md~obsidian/笔记/前端/工程化/工程化.md' (2,223)
2023-03-18 17:36:03: 覆盖复制 'D:/笔记/obsidianPrivateNote/笔记/前端/工程化/构建/AMD.md' -> 'D:/icloud/iCloudDrive/iCloud~md~obsidian/笔记/前端/工程化/构建/AMD.md' (201)
2023-03-18 17:36:03: 覆盖复制 'D:/笔记/obsidianPrivateNote/笔记/前端/工程化/规范/ESLint/CommonJS.md' -> 'D:/icloud/iCloudDrive/iCloud~md~obsidian/笔记/前端/工程化/规范/ESLint/CommonJS.md' (881)
2023-03-18 17:36:03: 覆盖复制 'D:/笔记/obsidianPrivateNote/笔记/前端/工程化/构建/webpack.md' -> 'D:/icloud/iCloudDrive/iCloud~md~obsidian/笔记/前端/工程化/构建/webpack.md' (21,427)
2023-03-18 17:36:03: 覆盖复制 'D:/笔记/obsidianPrivateNote/笔记/前端/工程化/质量/质量.md' -> 'D:/icloud/iCloudDrive/iCloud~md~obsidian/笔记/前端/工程化/质量/质量.md' (845)
2023-03-18 17:36:03: 覆盖复制 'D:/笔记/obsidianPrivateNote/笔记/前端/编程语言/CSS/CSS.md' -> 'D:/icloud/iCloudDrive/iCloud~md~obsidian/笔记/前端/编程语言/CSS/CSS.md' (2,897)
2023-03-18 17:36:03: 覆盖复制 'D:/笔记/obsidianPrivateNote/笔记/前端/性能/性能.md' -> 'D:/icloud/iCloudDrive/iCloud~md~obsidian/笔记/前端/性能/性能.md' (275)
2023-03-18 17:36:03: 覆盖复制 'D:/笔记/obsidianPrivateNote/笔记/前端/编程语言/HTML/HTML.md' -> 'D:/icloud/iCloudDrive/iCloud~md~obsidian/笔记/前端/编程语言/HTML/HTML.md' (310)
2023-03-18 17:36:03: 覆盖复制 'D:/笔记/obsidianPrivateNote/笔记/前端/编程语言/JS/BOM.md' -> 'D:/icloud/iCloudDrive/iCloud~md~obsidian/笔记/前端/编程语言/JS/BOM.md' (136)
2023-03-18 17:36:03: 覆盖复制 'D:/笔记/obsidianPrivateNote/笔记/前端/编程语言/JS/DOM.md' -> 'D:/icloud/iCloudDrive/iCloud~md~obsidian/笔记/前端/编程语言/JS/DOM.md' (2,194)
2023-03-18 17:36:03: 覆盖复制 'D:/笔记/obsidianPrivateNote/笔记/前端/编程语言/JS/JS.md' -> 'D:/icloud/iCloudDrive/iCloud~md~obsidian/笔记/前端/编程语言/JS/JS.md' (1,023)
2023-03-18 17:36:03: 覆盖复制 'D:/笔记/obsidianPrivateNote/笔记/前端/编程语言/JS/JSON.md' -> 'D:/icloud/iCloudDrive/iCloud~md~obsidian/笔记/前端/编程语言/JS/JSON.md' (299)
2023-03-18 17:36:03: 覆盖复制 'D:/笔记/obsidianPrivateNote/笔记/前端/编程语言/JS/Web浏览器.md' -> 'D:/icloud/iCloudDrive/iCloud~md~obsidian/笔记/前端/编程语言/JS/Web浏览器.md' (929)
2023-03-18 17:36:03: 覆盖复制 'D:/笔记/obsidianPrivateNote/笔记/前端/编程语言/JS/navigator.md' -> 'D:/icloud/iCloudDrive/iCloud~md~obsidian/笔记/前端/编程语言/JS/navigator.md' (67)
2023-03-18 17:36:03: 覆盖复制 'D:/笔记/obsidianPrivateNote/笔记/前端/编程语言/JS/JS编码规范.md' -> 'D:/icloud/iCloudDrive/iCloud~md~obsidian/笔记/前端/编程语言/JS/JS编码规范.md' (1,273)
2023-03-18 17:36:03: 覆盖复制 'D:/笔记/obsidianPrivateNote/笔记/前端/编程语言/JS/作用域.md' -> 'D:/icloud/iCloudDrive/iCloud~md~obsidian/笔记/前端/编程语言/JS/作用域.md' (876)
2023-03-18 17:36:03: 覆盖复制 'D:/笔记/obsidianPrivateNote/笔记/前端/编程语言/JS/值.md' -> 'D:/icloud/iCloudDrive/iCloud~md~obsidian/笔记/前端/编程语言/JS/值.md' (343)
2023-03-18 17:36:03: 覆盖复制 'D:/笔记/obsidianPrivateNote/笔记/前端/编程语言/JS/函数.md' -> 'D:/icloud/iCloudDrive/iCloud~md~obsidian/笔记/前端/编程语言/JS/函数.md' (10,614)
2023-03-18 17:36:03: 覆盖复制 'D:/笔记/obsidianPrivateNote/笔记/前端/编程语言/JS/基本概念/Symbol.md' -> 'D:/icloud/iCloudDrive/iCloud~md~obsidian/笔记/前端/编程语言/JS/基本概念/Symbol.md' (1,354)
2023-03-18 17:36:03: 覆盖复制 'D:/笔记/obsidianPrivateNote/笔记/前端/编程语言/JS/基本概念/严格模式.md' -> 'D:/icloud/iCloudDrive/iCloud~md~obsidian/笔记/前端/编程语言/JS/基本概念/严格模式.md' (1,779)
2023-03-18 17:36:03: 覆盖复制 'D:/笔记/obsidianPrivateNote/笔记/前端/编程语言/JS/基本概念/原型对象.md' -> 'D:/icloud/iCloudDrive/iCloud~md~obsidian/笔记/前端/编程语言/JS/基本概念/原型对象.md' (1,037)
2023-03-18 17:36:03: 覆盖复制 'D:/笔记/obsidianPrivateNote/笔记/前端/编程语言/JS/基本概念/变量.md' -> 'D:/icloud/iCloudDrive/iCloud~md~obsidian/笔记/前端/编程语言/JS/基本概念/变量.md' (1,436)
2023-03-18 17:36:03: 覆盖复制 'D:/笔记/obsidianPrivateNote/笔记/前端/编程语言/JS/基本概念/普通对象.md' -> 'D:/icloud/iCloudDrive/iCloud~md~obsidian/笔记/前端/编程语言/JS/基本概念/普通对象.md' (7,359)
2023-03-18 17:36:03: 覆盖复制 'D:/笔记/obsidianPrivateNote/笔记/前端/编程语言/JS/基本概念/数据类型.md' -> 'D:/icloud/iCloudDrive/iCloud~md~obsidian/笔记/前端/编程语言/JS/基本概念/数据类型.md' (4,847)
2023-03-18 17:36:03: 覆盖复制 'D:/笔记/obsidianPrivateNote/笔记/前端/编程语言/JS/基本概念/构造函数.md' -> 'D:/icloud/iCloudDrive/iCloud~md~obsidian/笔记/前端/编程语言/JS/基本概念/构造函数.md' (296)
2023-03-18 17:36:03: 覆盖复制 'D:/笔记/obsidianPrivateNote/笔记/前端/编程语言/JS/基本概念/标识符.md' -> 'D:/icloud/iCloudDrive/iCloud~md~obsidian/笔记/前端/编程语言/JS/基本概念/标识符.md' (160)
2023-03-18 17:36:03: 覆盖复制 'D:/笔记/obsidianPrivateNote/笔记/前端/编程语言/JS/基本概念/模块模式.md' -> 'D:/icloud/iCloudDrive/iCloud~md~obsidian/笔记/前端/编程语言/JS/基本概念/模块模式.md' (5,606)
2023-03-18 17:36:03: 覆盖复制 'D:/笔记/obsidianPrivateNote/笔记/前端/编程语言/JS/基本概念/模块.md' -> 'D:/icloud/iCloudDrive/iCloud~md~obsidian/笔记/前端/编程语言/JS/基本概念/模块.md' (2,129)
2023-03-18 17:36:03: 覆盖复制 'D:/笔记/obsidianPrivateNote/笔记/前端/编程语言/JS/基本概念/模块系统.svg' -> 'D:/icloud/iCloudDrive/iCloud~md~obsidian/笔记/前端/编程语言/JS/基本概念/模块系统.svg' (37,147)
2023-03-18 17:36:03: 覆盖复制 'D:/笔记/obsidianPrivateNote/笔记/前端/编程语言/JS/基本概念/解构赋值.md' -> 'D:/icloud/iCloudDrive/iCloud~md~obsidian/笔记/前端/编程语言/JS/基本概念/解构赋值.md' (809)
2023-03-18 17:36:03: 覆盖复制 'D:/笔记/obsidianPrivateNote/笔记/前端/编程语言/JS/基本概念/表达式.md' -> 'D:/icloud/iCloudDrive/iCloud~md~obsidian/笔记/前端/编程语言/JS/基本概念/表达式.md' (882)
2023-03-18 17:36:03: 覆盖复制 'D:/笔记/obsidianPrivateNote/笔记/前端/编程语言/JS/基本概念/解释型语言.md' -> 'D:/icloud/iCloudDrive/iCloud~md~obsidian/笔记/前端/编程语言/JS/基本概念/解释型语言.md' (274)
2023-03-18 17:36:03: 覆盖复制 'D:/笔记/obsidianPrivateNote/笔记/前端/编程语言/JS/异步JS.md' -> 'D:/icloud/iCloudDrive/iCloud~md~obsidian/笔记/前端/编程语言/JS/异步JS.md' (306)
2023-03-18 17:36:03: 覆盖复制 'D:/笔记/obsidianPrivateNote/笔记/前端/编程语言/JS/数组.md' -> 'D:/icloud/iCloudDrive/iCloud~md~obsidian/笔记/前端/编程语言/JS/数组.md' (331)
2023-03-18 17:36:03: 覆盖复制 'D:/笔记/obsidianPrivateNote/笔记/前端/编程语言/JS/浏览器原理.md' -> 'D:/icloud/iCloudDrive/iCloud~md~obsidian/笔记/前端/编程语言/JS/浏览器原理.md' (92)
2023-03-18 17:36:03: 覆盖复制 'D:/笔记/obsidianPrivateNote/笔记/前端/编程语言/JS/浏览器.md' -> 'D:/icloud/iCloudDrive/iCloud~md~obsidian/笔记/前端/编程语言/JS/浏览器.md' (1,013)
2023-03-18 17:36:03: 覆盖复制 'D:/笔记/obsidianPrivateNote/笔记/前端/编程语言/JS/浏览器规范.md' -> 'D:/icloud/iCloudDrive/iCloud~md~obsidian/笔记/前端/编程语言/JS/浏览器规范.md' (852)
2023-03-18 17:36:03: 覆盖复制 'D:/笔记/obsidianPrivateNote/笔记/前端/编程语言/JS/编程范式.md' -> 'D:/icloud/iCloudDrive/iCloud~md~obsidian/笔记/前端/编程语言/JS/编程范式.md' (94)
2023-03-18 17:36:03: 覆盖复制 'D:/笔记/obsidianPrivateNote/笔记/前端/编程语言/JS/面向对象编程.md' -> 'D:/icloud/iCloudDrive/iCloud~md~obsidian/笔记/前端/编程语言/JS/面向对象编程.md' (22)
2023-03-18 17:36:03: 覆盖复制 'D:/笔记/obsidianPrivateNote/笔记/前端/编程语言/JS/语句.md' -> 'D:/icloud/iCloudDrive/iCloud~md~obsidian/笔记/前端/编程语言/JS/语句.md' (63)
2023-03-18 17:36:03: 覆盖复制 'D:/笔记/obsidianPrivateNote/笔记/前端/编程语言/编程语言.md' -> 'D:/icloud/iCloudDrive/iCloud~md~obsidian/笔记/前端/编程语言/编程语言.md' (690)
2023-03-18 17:36:03: 覆盖复制 'D:/笔记/obsidianPrivateNote/笔记/前端/设计模式/设计模式.md' -> 'D:/icloud/iCloudDrive/iCloud~md~obsidian/笔记/前端/设计模式/设计模式.md' (3,687)
2023-03-18 17:36:03: 覆盖复制 'D:/笔记/obsidianPrivateNote/笔记/学习方法/概念/理解.md' -> 'D:/icloud/iCloudDrive/iCloud~md~obsidian/笔记/学习方法/概念/理解.md' (5,555)
2023-03-18 17:36:03: 覆盖复制 'D:/笔记/obsidianPrivateNote/笔记/学习方法/概念/应用.md' -> 'D:/icloud/iCloudDrive/iCloud~md~obsidian/笔记/学习方法/概念/应用.md' (459)
2023-03-18 17:36:03: 覆盖复制 'D:/笔记/obsidianPrivateNote/笔记/学习方法/概念/记笔记.md' -> 'D:/icloud/iCloudDrive/iCloud~md~obsidian/笔记/学习方法/概念/记笔记.md' (52)
2023-03-18 17:36:03: 覆盖复制 'D:/笔记/obsidianPrivateNote/笔记/学习方法/自己的学习行为.md' -> 'D:/icloud/iCloudDrive/iCloud~md~obsidian/笔记/学习方法/自己的学习行为.md' (8,278)
2023-03-18 17:36:03: 覆盖复制 'D:/笔记/obsidianPrivateNote/笔记/工具/思考/基础思维.md' -> 'D:/icloud/iCloudDrive/iCloud~md~obsidian/笔记/工具/思考/基础思维.md' (564)
2023-03-18 17:36:03: 覆盖复制 'D:/笔记/obsidianPrivateNote/笔记/工具/思考/批判性思维.md' -> 'D:/icloud/iCloudDrive/iCloud~md~obsidian/笔记/工具/思考/批判性思维.md' (88)
2023-03-18 17:36:03: 覆盖复制 'D:/笔记/obsidianPrivateNote/笔记/工具/思考/记忆/记忆.md' -> 'D:/icloud/iCloudDrive/iCloud~md~obsidian/笔记/工具/思考/记忆/记忆.md' (4,855)
2023-03-18 17:36:03: 覆盖复制 'D:/笔记/obsidianPrivateNote/笔记/工具/思考/记忆/访问器属性.md' -> 'D:/icloud/iCloudDrive/iCloud~md~obsidian/笔记/工具/思考/记忆/访问器属性.md' (1,128)
2023-03-18 17:36:03: 覆盖复制 'D:/笔记/obsidianPrivateNote/笔记/工具/通用概念/DOCTORS模型.md' -> 'D:/icloud/iCloudDrive/iCloud~md~obsidian/笔记/工具/通用概念/DOCTORS模型.md' (820)
2023-03-18 17:36:03: 覆盖复制 'D:/笔记/obsidianPrivateNote/笔记/工具/通用概念/本质.md' -> 'D:/icloud/iCloudDrive/iCloud~md~obsidian/笔记/工具/通用概念/本质.md' (3,637)
2023-03-18 17:36:03: 覆盖复制 'D:/笔记/obsidianPrivateNote/笔记/工具/通用概念/臣服.md' -> 'D:/icloud/iCloudDrive/iCloud~md~obsidian/笔记/工具/通用概念/臣服.md' (122)
2023-03-18 17:36:03: 覆盖复制 'D:/笔记/obsidianPrivateNote/笔记/工具/通用概念/问题解决.md' -> 'D:/icloud/iCloudDrive/iCloud~md~obsidian/笔记/工具/通用概念/问题解决.md' (126)
2023-03-18 17:36:03: 覆盖复制 'D:/笔记/obsidianPrivateNote/笔记/行为/健身/健身.md' -> 'D:/icloud/iCloudDrive/iCloud~md~obsidian/笔记/行为/健身/健身.md' (230)
2023-03-18 17:36:03: 覆盖复制 'D:/笔记/obsidianPrivateNote/笔记/行为/健身/部位/背部.md' -> 'D:/icloud/iCloudDrive/iCloud~md~obsidian/笔记/行为/健身/部位/背部.md' (1,595)
2023-03-18 17:36:03: 覆盖复制 'D:/笔记/obsidianPrivateNote/笔记/行为/阅读.md' -> 'D:/icloud/iCloudDrive/iCloud~md~obsidian/笔记/行为/阅读.md' (830)
2023-03-18 17:36:03: == 同步完成. 历时: 00:00:00, 速度: 0.00/s, 完成: 1,216, 错误: 0
